<?xml version="1.0" encoding="UTF-8"?>
<!-- Generated by org.testng.reporters.JUnitReportReporter -->
<testsuite hostname="DESKTOP-BPQ80UG" name="FST_Rest_Assured.FST_Rest_Assured.SecondStepLoginIn" tests="1" failures="0" timestamp="17 Apr 2022 12:25:45 GMT" time="2.672" errors="0">
  <testcase name="authantication" time="2.672" classname="FST_Rest_Assured.FST_Rest_Assured.SecondStepLoginIn"/>
</testsuite> <!-- FST_Rest_Assured.FST_Rest_Assured.SecondStepLoginIn -->
