<?xml version="1.0" encoding="UTF-8"?>
<!-- Generated by org.testng.reporters.JUnitReportReporter -->
<testsuite hostname="IBM-PF32NVW9" failures="0" tests="3" name="FST_Rest_Assured.FST_Rest_Assured.tyicodeClass" time="4.506" errors="0" timestamp="2022-04-21T19:56:25 IST" skipped="0">
  <testcase classname="FST_Rest_Assured.FST_Rest_Assured.tyicodeClass" name="GETtypicode" time="2.163"/>
  <system-out/>
  <testcase classname="FST_Rest_Assured.FST_Rest_Assured.tyicodeClass" name="PUTtypicode" time="1.693"/>
  <system-out/>
  <testcase classname="FST_Rest_Assured.FST_Rest_Assured.tyicodeClass" name="DELETEtypicode" time="0.650"/>
  <system-out/>
</testsuite> <!-- FST_Rest_Assured.FST_Rest_Assured.tyicodeClass -->
