<?xml version="1.0" encoding="UTF-8"?>
<!-- Generated by org.testng.reporters.JUnitReportReporter -->
<testsuite hostname="DESKTOP-BPQ80UG" name="FST_Rest_Assured.FST_Rest_Assured.FirstStepRestAssured_POST" tests="1" failures="0" timestamp="17 Apr 2022 11:50:55 GMT" time="3.844" errors="0">
  <testcase name="thirdRestMethod" time="3.844" classname="FST_Rest_Assured.FST_Rest_Assured.FirstStepRestAssured_POST"/>
</testsuite> <!-- FST_Rest_Assured.FST_Rest_Assured.FirstStepRestAssured_POST -->
