<?xml version="1.0" encoding="UTF-8"?>
<!-- Generated by org.testng.reporters.JUnitReportReporter -->
<testsuite hostname="DESKTOP-BPQ80UG" name="FST_Rest_Assured.FST_Rest_Assured.FirstStepRestAssured_DAY_2_GET" tests="1" failures="0" timestamp="14 Apr 2022 03:40:02 GMT" time="2.166" errors="0">
  <testcase name="daySecondRestMethod" time="2.166" classname="FST_Rest_Assured.FST_Rest_Assured.FirstStepRestAssured_DAY_2_GET"/>
</testsuite> <!-- FST_Rest_Assured.FST_Rest_Assured.FirstStepRestAssured_DAY_2_GET -->
